<?xml version="1.0" encoding="UTF-8"?>
<!-- Generated by org.testng.reporters.JUnitReportReporter -->
<testsuite skipped="0" hostname="DESKTOP-G56VAF5" name="com.training.sanity.tests.TC_RetailTest" tests="1" failures="0" timestamp="27 Aug 2019 04:54:26 GMT" time="43.461" errors="0">
  <testcase name="AddtoCart" time="43.461" classname="com.training.sanity.tests.TC_RetailTest"/>
</testsuite> <!-- com.training.sanity.tests.TC_RetailTest -->
